app/build/intermediates/manifest_merge_blame_file/debug/processDebugMainManifest/manifest-merger-blame-debug-report.txt
1<?xml version="1.0" encoding="utf-8"?>
2<manifest xmlns:android="http://schemas.android.com/apk/res/android"
3    package="com.example.cricketwatchdog"
4    android:versionCode="1"
5    android:versionName="1.0" >
6
7    <uses-sdk
8        android:minSdkVersion="24"
9        android:targetSdkVersion="34" />
10
11    <uses-permission android:name="android.permission.INTERNET" />
11-->src\main\AndroidManifest.xml:5:5-66
11-->src\main\AndroidManifest.xml:5:22-64
12    <uses-permission android:name="android.permission.FOREGROUND_SERVICE" />
12-->src\main\AndroidManifest.xml:6:5-76
12-->src\main\AndroidManifest.xml:6:22-74
13    <uses-permission android:name="android.permission.FOREGROUND_SERVICE_MEDIA_PROJECTION" />
13-->src\main\AndroidManifest.xml:7:5-93
13-->src\main\AndroidManifest.xml:7:22-91
14    <uses-permission android:name="android.permission.FOREGROUND_SERVICE_DATA_SYNC" />
14-->src\main\AndroidManifest.xml:8:5-86
14-->src\main\AndroidManifest.xml:8:22-84
15    <uses-permission android:name="android.permission.SYSTEM_ALERT_WINDOW" />
15-->src\main\AndroidManifest.xml:9:5-77
15-->src\main\AndroidManifest.xml:9:22-75
16    <uses-permission android:name="android.permission.ACCESS_NOTIFICATION_POLICY" />
16-->src\main\AndroidManifest.xml:10:5-84
16-->src\main\AndroidManifest.xml:10:22-82
17    <uses-permission android:name="android.permission.WAKE_LOCK" />
17-->src\main\AndroidManifest.xml:11:5-67
17-->src\main\AndroidManifest.xml:11:22-65
18    <uses-permission android:name="android.permission.MODIFY_AUDIO_SETTINGS" />
18-->src\main\AndroidManifest.xml:12:5-79
18-->src\main\AndroidManifest.xml:12:22-77
19    <uses-permission android:name="android.permission.POST_NOTIFICATIONS" />
19-->src\main\AndroidManifest.xml:13:5-76
19-->src\main\AndroidManifest.xml:13:22-74
20
21    <uses-feature
21-->src\main\AndroidManifest.xml:15:5-87
22        android:name="android.software.leanback"
22-->src\main\AndroidManifest.xml:15:19-59
23        android:required="false" />
23-->src\main\AndroidManifest.xml:15:60-84
24    <uses-feature
24-->src\main\AndroidManifest.xml:16:5-90
25        android:name="android.hardware.touchscreen"
25-->src\main\AndroidManifest.xml:16:19-62
26        android:required="false" />
26-->src\main\AndroidManifest.xml:16:63-87
27
28    <permission
28-->[androidx.core:core:1.12.0] AndroidManifest.xml:22:5-24:47
29        android:name="com.example.cricketwatchdog.DYNAMIC_RECEIVER_NOT_EXPORTED_PERMISSION"
29-->[androidx.core:core:1.12.0] AndroidManifest.xml:23:9-81
30        android:protectionLevel="signature" />
30-->[androidx.core:core:1.12.0] AndroidManifest.xml:24:9-44
31
32    <uses-permission android:name="com.example.cricketwatchdog.DYNAMIC_RECEIVER_NOT_EXPORTED_PERMISSION" /> <!-- Although the *SdkVersion is captured in gradle build files, this is required for non gradle builds -->
32-->[androidx.core:core:1.12.0] AndroidManifest.xml:26:5-97
32-->[androidx.core:core:1.12.0] AndroidManifest.xml:26:22-94
33    <!-- <uses-sdk android:minSdkVersion="14"/> -->
34    <uses-permission android:name="android.permission.ACCESS_NETWORK_STATE" />
34-->[com.google.android.datatransport:transport-backend-cct:2.3.3] AndroidManifest.xml:25:5-79
34-->[com.google.android.datatransport:transport-backend-cct:2.3.3] AndroidManifest.xml:25:22-76
35
36    <application
36-->src\main\AndroidManifest.xml:18:5-40:19
37        android:allowBackup="true"
37-->src\main\AndroidManifest.xml:19:9-35
38        android:appComponentFactory="androidx.core.app.CoreComponentFactory"
38-->[androidx.core:core:1.12.0] AndroidManifest.xml:28:18-86
39        android:debuggable="true"
40        android:extractNativeLibs="false"
41        android:icon="@mipmap/ic_launcher"
41-->src\main\AndroidManifest.xml:20:9-43
42        android:label="Cricket Watchdog"
42-->src\main\AndroidManifest.xml:21:9-41
43        android:theme="@style/Theme.AppCompat.NoActionBar" >
43-->src\main\AndroidManifest.xml:22:9-59
44        <service
44-->src\main\AndroidManifest.xml:24:9-28:39
45            android:name="com.example.cricketwatchdog.MatchMonitorService"
45-->src\main\AndroidManifest.xml:25:13-48
46            android:enabled="true"
46-->src\main\AndroidManifest.xml:27:13-35
47            android:exported="false"
47-->src\main\AndroidManifest.xml:28:13-37
48            android:foregroundServiceType="mediaProjection|dataSync" />
48-->src\main\AndroidManifest.xml:26:13-69
49
50        <activity
50-->src\main\AndroidManifest.xml:30:9-38:20
51            android:name="com.example.cricketwatchdog.MainActivity"
51-->src\main\AndroidManifest.xml:31:13-41
52            android:exported="true" >
52-->src\main\AndroidManifest.xml:32:13-36
53            <intent-filter>
53-->src\main\AndroidManifest.xml:33:13-37:29
54                <action android:name="android.intent.action.MAIN" />
54-->src\main\AndroidManifest.xml:34:17-69
54-->src\main\AndroidManifest.xml:34:25-66
55
56                <category android:name="android.intent.category.LEANBACK_LAUNCHER" />
56-->src\main\AndroidManifest.xml:35:17-86
56-->src\main\AndroidManifest.xml:35:27-83
57                <category android:name="android.intent.category.LAUNCHER" />
57-->src\main\AndroidManifest.xml:36:17-77
57-->src\main\AndroidManifest.xml:36:27-74
58            </intent-filter>
59        </activity>
60
61        <provider
61-->[androidx.emoji2:emoji2:1.2.0] AndroidManifest.xml:24:9-32:20
62            android:name="androidx.startup.InitializationProvider"
62-->[androidx.emoji2:emoji2:1.2.0] AndroidManifest.xml:25:13-67
63            android:authorities="com.example.cricketwatchdog.androidx-startup"
63-->[androidx.emoji2:emoji2:1.2.0] AndroidManifest.xml:26:13-68
64            android:exported="false" >
64-->[androidx.emoji2:emoji2:1.2.0] AndroidManifest.xml:27:13-37
65            <meta-data
65-->[androidx.emoji2:emoji2:1.2.0] AndroidManifest.xml:29:13-31:52
66                android:name="androidx.emoji2.text.EmojiCompatInitializer"
66-->[androidx.emoji2:emoji2:1.2.0] AndroidManifest.xml:30:17-75
67                android:value="androidx.startup" />
67-->[androidx.emoji2:emoji2:1.2.0] AndroidManifest.xml:31:17-49
68            <meta-data
68-->[androidx.lifecycle:lifecycle-process:2.6.1] AndroidManifest.xml:29:13-31:52
69                android:name="androidx.lifecycle.ProcessLifecycleInitializer"
69-->[androidx.lifecycle:lifecycle-process:2.6.1] AndroidManifest.xml:30:17-78
70                android:value="androidx.startup" />
70-->[androidx.lifecycle:lifecycle-process:2.6.1] AndroidManifest.xml:31:17-49
71            <meta-data
71-->[androidx.profileinstaller:profileinstaller:1.3.0] AndroidManifest.xml:29:13-31:52
72                android:name="androidx.profileinstaller.ProfileInstallerInitializer"
72-->[androidx.profileinstaller:profileinstaller:1.3.0] AndroidManifest.xml:30:17-85
73                android:value="androidx.startup" />
73-->[androidx.profileinstaller:profileinstaller:1.3.0] AndroidManifest.xml:31:17-49
74        </provider>
75
76        <service
76-->[com.google.android.gms:play-services-mlkit-text-recognition-common:19.0.0] AndroidManifest.xml:9:9-15:19
77            android:name="com.google.mlkit.common.internal.MlKitComponentDiscoveryService"
77-->[com.google.android.gms:play-services-mlkit-text-recognition-common:19.0.0] AndroidManifest.xml:10:13-91
78            android:directBootAware="true"
78-->[com.google.mlkit:common:18.8.0] AndroidManifest.xml:17:13-43
79            android:exported="false" >
79-->[com.google.android.gms:play-services-mlkit-text-recognition-common:19.0.0] AndroidManifest.xml:11:13-37
80            <meta-data
80-->[com.google.android.gms:play-services-mlkit-text-recognition-common:19.0.0] AndroidManifest.xml:12:13-14:85
81                android:name="com.google.firebase.components:com.google.mlkit.vision.text.internal.TextRegistrar"
81-->[com.google.android.gms:play-services-mlkit-text-recognition-common:19.0.0] AndroidManifest.xml:13:17-114
82                android:value="com.google.firebase.components.ComponentRegistrar" />
82-->[com.google.android.gms:play-services-mlkit-text-recognition-common:19.0.0] AndroidManifest.xml:14:17-82
83            <meta-data
83-->[com.google.mlkit:vision-common:17.3.0] AndroidManifest.xml:12:13-14:85
84                android:name="com.google.firebase.components:com.google.mlkit.vision.common.internal.VisionCommonRegistrar"
84-->[com.google.mlkit:vision-common:17.3.0] AndroidManifest.xml:13:17-124
85                android:value="com.google.firebase.components.ComponentRegistrar" />
85-->[com.google.mlkit:vision-common:17.3.0] AndroidManifest.xml:14:17-82
86            <meta-data
86-->[com.google.mlkit:common:18.8.0] AndroidManifest.xml:20:13-22:85
87                android:name="com.google.firebase.components:com.google.mlkit.common.internal.CommonComponentRegistrar"
87-->[com.google.mlkit:common:18.8.0] AndroidManifest.xml:21:17-120
88                android:value="com.google.firebase.components.ComponentRegistrar" />
88-->[com.google.mlkit:common:18.8.0] AndroidManifest.xml:22:17-82
89        </service>
90
91        <provider
91-->[com.google.mlkit:common:18.8.0] AndroidManifest.xml:9:9-13:38
92            android:name="com.google.mlkit.common.internal.MlKitInitProvider"
92-->[com.google.mlkit:common:18.8.0] AndroidManifest.xml:10:13-78
93            android:authorities="com.example.cricketwatchdog.mlkitinitprovider"
93-->[com.google.mlkit:common:18.8.0] AndroidManifest.xml:11:13-69
94            android:exported="false"
94-->[com.google.mlkit:common:18.8.0] AndroidManifest.xml:12:13-37
95            android:initOrder="99" />
95-->[com.google.mlkit:common:18.8.0] AndroidManifest.xml:13:13-35
96
97        <activity
97-->[com.google.android.gms:play-services-base:18.1.0] AndroidManifest.xml:20:9-22:45
98            android:name="com.google.android.gms.common.api.GoogleApiActivity"
98-->[com.google.android.gms:play-services-base:18.1.0] AndroidManifest.xml:20:19-85
99            android:exported="false"
99-->[com.google.android.gms:play-services-base:18.1.0] AndroidManifest.xml:22:19-43
100            android:theme="@android:style/Theme.Translucent.NoTitleBar" />
100-->[com.google.android.gms:play-services-base:18.1.0] AndroidManifest.xml:21:19-78
101
102        <meta-data
102-->[com.google.android.gms:play-services-basement:18.1.0] AndroidManifest.xml:21:9-23:69
103            android:name="com.google.android.gms.version"
103-->[com.google.android.gms:play-services-basement:18.1.0] AndroidManifest.xml:22:13-58
104            android:value="@integer/google_play_services_version" />
104-->[com.google.android.gms:play-services-basement:18.1.0] AndroidManifest.xml:23:13-66
105
106        <receiver
106-->[androidx.profileinstaller:profileinstaller:1.3.0] AndroidManifest.xml:34:9-52:20
107            android:name="androidx.profileinstaller.ProfileInstallReceiver"
107-->[androidx.profileinstaller:profileinstaller:1.3.0] AndroidManifest.xml:35:13-76
108            android:directBootAware="false"
108-->[androidx.profileinstaller:profileinstaller:1.3.0] AndroidManifest.xml:36:13-44
109            android:enabled="true"
109-->[androidx.profileinstaller:profileinstaller:1.3.0] AndroidManifest.xml:37:13-35
110            android:exported="true"
110-->[androidx.profileinstaller:profileinstaller:1.3.0] AndroidManifest.xml:38:13-36
111            android:permission="android.permission.DUMP" >
111-->[androidx.profileinstaller:profileinstaller:1.3.0] AndroidManifest.xml:39:13-57
112            <intent-filter>
112-->[androidx.profileinstaller:profileinstaller:1.3.0] AndroidManifest.xml:40:13-42:29
113                <action android:name="androidx.profileinstaller.action.INSTALL_PROFILE" />
113-->[androidx.profileinstaller:profileinstaller:1.3.0] AndroidManifest.xml:41:17-91
113-->[androidx.profileinstaller:profileinstaller:1.3.0] AndroidManifest.xml:41:25-88
114            </intent-filter>
115            <intent-filter>
115-->[androidx.profileinstaller:profileinstaller:1.3.0] AndroidManifest.xml:43:13-45:29
116                <action android:name="androidx.profileinstaller.action.SKIP_FILE" />
116-->[androidx.profileinstaller:profileinstaller:1.3.0] AndroidManifest.xml:44:17-85
116-->[androidx.profileinstaller:profileinstaller:1.3.0] AndroidManifest.xml:44:25-82
117            </intent-filter>
118            <intent-filter>
118-->[androidx.profileinstaller:profileinstaller:1.3.0] AndroidManifest.xml:46:13-48:29
119                <action android:name="androidx.profileinstaller.action.SAVE_PROFILE" />
119-->[androidx.profileinstaller:profileinstaller:1.3.0] AndroidManifest.xml:47:17-88
119-->[androidx.profileinstaller:profileinstaller:1.3.0] AndroidManifest.xml:47:25-85
120            </intent-filter>
121            <intent-filter>
121-->[androidx.profileinstaller:profileinstaller:1.3.0] AndroidManifest.xml:49:13-51:29
122                <action android:name="androidx.profileinstaller.action.BENCHMARK_OPERATION" />
122-->[androidx.profileinstaller:profileinstaller:1.3.0] AndroidManifest.xml:50:17-95
122-->[androidx.profileinstaller:profileinstaller:1.3.0] AndroidManifest.xml:50:25-92
123            </intent-filter>
124        </receiver>
125
126        <service
126-->[com.google.android.datatransport:transport-backend-cct:2.3.3] AndroidManifest.xml:29:9-35:19
127            android:name="com.google.android.datatransport.runtime.backends.TransportBackendDiscovery"
127-->[com.google.android.datatransport:transport-backend-cct:2.3.3] AndroidManifest.xml:30:13-103
128            android:exported="false" >
128-->[com.google.android.datatransport:transport-backend-cct:2.3.3] AndroidManifest.xml:31:13-37
129            <meta-data
129-->[com.google.android.datatransport:transport-backend-cct:2.3.3] AndroidManifest.xml:32:13-34:39
130                android:name="backend:com.google.android.datatransport.cct.CctBackendFactory"
130-->[com.google.android.datatransport:transport-backend-cct:2.3.3] AndroidManifest.xml:33:17-94
131                android:value="cct" />
131-->[com.google.android.datatransport:transport-backend-cct:2.3.3] AndroidManifest.xml:34:17-36
132        </service>
133        <service
133-->[com.google.android.datatransport:transport-runtime:2.2.6] AndroidManifest.xml:26:9-30:19
134            android:name="com.google.android.datatransport.runtime.scheduling.jobscheduling.JobInfoSchedulerService"
134-->[com.google.android.datatransport:transport-runtime:2.2.6] AndroidManifest.xml:27:13-117
135            android:exported="false"
135-->[com.google.android.datatransport:transport-runtime:2.2.6] AndroidManifest.xml:28:13-37
136            android:permission="android.permission.BIND_JOB_SERVICE" >
136-->[com.google.android.datatransport:transport-runtime:2.2.6] AndroidManifest.xml:29:13-69
137        </service>
138
139        <receiver
139-->[com.google.android.datatransport:transport-runtime:2.2.6] AndroidManifest.xml:32:9-34:40
140            android:name="com.google.android.datatransport.runtime.scheduling.jobscheduling.AlarmManagerSchedulerBroadcastReceiver"
140-->[com.google.android.datatransport:transport-runtime:2.2.6] AndroidManifest.xml:33:13-132
141            android:exported="false" />
141-->[com.google.android.datatransport:transport-runtime:2.2.6] AndroidManifest.xml:34:13-37
142    </application>
143
144</manifest>